/home/omerfaruk/Projects/okul/caches/caches/solution1/.autopilot/db/cache.pp.0.cpp:8519:7: warning: Added loop label VITIS_LOOP_1207_1:   [xilinx-label-all-loops]
      for (i = 0; i < __N - 1; ++i) {
      ^~~
      VITIS_LOOP_1207_1: 
/home/omerfaruk/Projects/okul/caches/caches/solution1/.autopilot/db/cache.pp.0.cpp:8519:7: note: FIX-IT applied suggested code changes
/home/omerfaruk/Projects/okul/caches/caches/solution1/.autopilot/db/cache.pp.0.cpp:9493:5: warning: Added loop label VITIS_LOOP_676_1:   [xilinx-label-all-loops]
    for (unsigned i = low; i != high; ++i) {
    ^~~
    VITIS_LOOP_676_1: 
/home/omerfaruk/Projects/okul/caches/caches/solution1/.autopilot/db/cache.pp.0.cpp:9493:5: note: FIX-IT applied suggested code changes
/home/omerfaruk/Projects/okul/caches/caches/solution1/.autopilot/db/cache.pp.0.cpp:9507:5: warning: Added loop label VITIS_LOOP_690_1:   [xilinx-label-all-loops]
    for (unsigned i = low; i != high; ++i) {
    ^~~
    VITIS_LOOP_690_1: 
/home/omerfaruk/Projects/okul/caches/caches/solution1/.autopilot/db/cache.pp.0.cpp:9507:5: note: FIX-IT applied suggested code changes
/home/omerfaruk/Projects/okul/caches/caches/solution1/.autopilot/db/cache.pp.0.cpp:9521:5: warning: Added loop label VITIS_LOOP_704_1:   [xilinx-label-all-loops]
    for (unsigned i = low; i != high; ++i) {
    ^~~
    VITIS_LOOP_704_1: 
/home/omerfaruk/Projects/okul/caches/caches/solution1/.autopilot/db/cache.pp.0.cpp:9521:5: note: FIX-IT applied suggested code changes
/home/omerfaruk/Projects/okul/caches/caches/solution1/.autopilot/db/cache.pp.0.cpp:11138:7: warning: Added loop label VITIS_LOOP_1247_1:   [xilinx-label-all-loops]
      for (i = 0; i < __N - 1; ++i) {
      ^~~
      VITIS_LOOP_1247_1: 
/home/omerfaruk/Projects/okul/caches/caches/solution1/.autopilot/db/cache.pp.0.cpp:11138:7: note: FIX-IT applied suggested code changes
