/home/omerfaruk/Projects/okul/caches/caches/solution1/.autopilot/db/fetch_block.pp.0.cpp:8527:7: warning: Added loop label VITIS_LOOP_1207_1:   [xilinx-label-all-loops]
      for (i = 0; i < __N - 1; ++i) {
      ^~~
      VITIS_LOOP_1207_1: 
/home/omerfaruk/Projects/okul/caches/caches/solution1/.autopilot/db/fetch_block.pp.0.cpp:8527:7: note: FIX-IT applied suggested code changes
/home/omerfaruk/Projects/okul/caches/caches/solution1/.autopilot/db/fetch_block.pp.0.cpp:9501:5: warning: Added loop label VITIS_LOOP_676_1:   [xilinx-label-all-loops]
    for (unsigned i = low; i != high; ++i) {
    ^~~
    VITIS_LOOP_676_1: 
/home/omerfaruk/Projects/okul/caches/caches/solution1/.autopilot/db/fetch_block.pp.0.cpp:9501:5: note: FIX-IT applied suggested code changes
/home/omerfaruk/Projects/okul/caches/caches/solution1/.autopilot/db/fetch_block.pp.0.cpp:9515:5: warning: Added loop label VITIS_LOOP_690_1:   [xilinx-label-all-loops]
    for (unsigned i = low; i != high; ++i) {
    ^~~
    VITIS_LOOP_690_1: 
/home/omerfaruk/Projects/okul/caches/caches/solution1/.autopilot/db/fetch_block.pp.0.cpp:9515:5: note: FIX-IT applied suggested code changes
/home/omerfaruk/Projects/okul/caches/caches/solution1/.autopilot/db/fetch_block.pp.0.cpp:9529:5: warning: Added loop label VITIS_LOOP_704_1:   [xilinx-label-all-loops]
    for (unsigned i = low; i != high; ++i) {
    ^~~
    VITIS_LOOP_704_1: 
/home/omerfaruk/Projects/okul/caches/caches/solution1/.autopilot/db/fetch_block.pp.0.cpp:9529:5: note: FIX-IT applied suggested code changes
/home/omerfaruk/Projects/okul/caches/caches/solution1/.autopilot/db/fetch_block.pp.0.cpp:11146:7: warning: Added loop label VITIS_LOOP_1247_1:   [xilinx-label-all-loops]
      for (i = 0; i < __N - 1; ++i) {
      ^~~
      VITIS_LOOP_1247_1: 
/home/omerfaruk/Projects/okul/caches/caches/solution1/.autopilot/db/fetch_block.pp.0.cpp:11146:7: note: FIX-IT applied suggested code changes
/home/omerfaruk/Projects/okul/caches/caches/solution1/.autopilot/db/fetch_block.pp.0.cpp:13355:5: warning: Added loop label VITIS_LOOP_24_1:   [xilinx-label-all-loops]
    for (i=0;i<(1<<(11 - 2 - 3));i++)
    ^~~
    VITIS_LOOP_24_1: 
/home/omerfaruk/Projects/okul/caches/caches/solution1/.autopilot/db/fetch_block.pp.0.cpp:13355:5: note: FIX-IT applied suggested code changes
